# JRE version: Java(TM) SE Runtime Environment (8.0_152-b16) (build 1.8.0_152-b16)
# Java VM: Java HotSpot(TM) 64-Bit Server VM (25.152-b16 mixed mode linux-amd64 compressed oops)
Heap:
 PSYoungGen      total 351232K, used 4771K [0x00000000d8900000, 0x00000000eee80000, 0x0000000100000000)
  eden space 336384K, 0% used [0x00000000d8900000,0x00000000d8900000,0x00000000ed180000)
  from space 14848K, 32% used [0x00000000ed180000,0x00000000ed628c30,0x00000000ee000000)
  to   space 11776K, 0% used [0x00000000ee300000,0x00000000ee300000,0x00000000eee80000)
 ParOldGen       total 89088K, used 39239K [0x0000000089a00000, 0x000000008f100000, 0x00000000d8900000)
  object space 89088K, 44% used [0x0000000089a00000,0x000000008c051c68,0x000000008f100000)
 Metaspace       used 42694K, capacity 44088K, committed 44376K, reserved 1087488K
  class space    used 5651K, capacity 5952K, committed 6016K, reserved 1048576K
GC Heap History (10 events):
Event: 11.616 GC heap after
Heap after GC invocations=10 (full 1):
 PSYoungGen      total 189440K, used 8678K [0x00000000d8900000, 0x00000000ea380000, 0x0000000100000000)
  eden space 180736K, 0% used [0x00000000d8900000,0x00000000d8900000,0x00000000e3980000)
  from space 8704K, 99% used [0x00000000e3980000,0x00000000e41f9820,0x00000000e4200000)
  to   space 15360K, 0% used [0x00000000e9480000,0x00000000e9480000,0x00000000ea380000)
 ParOldGen       total 47616K, used 20578K [0x0000000089a00000, 0x000000008c880000, 0x00000000d8900000)
  object space 47616K, 43% used [0x0000000089a00000,0x000000008ae18ad8,0x000000008c880000)
 Metaspace       used 33684K, capacity 34524K, committed 34816K, reserved 1079296K
  class space    used 4393K, capacity 4582K, committed 4608K, reserved 1048576K
}
Event: 12.413 GC heap before
{Heap before GC invocations=11 (full 1):
 PSYoungGen      total 189440K, used 64434K [0x00000000d8900000, 0x00000000ea380000, 0x0000000100000000)
  eden space 180736K, 30% used [0x00000000d8900000,0x00000000dbf73338,0x00000000e3980000)
  from space 8704K, 99% used [0x00000000e3980000,0x00000000e41f9820,0x00000000e4200000)
  to   space 15360K, 0% used [0x00000000e9480000,0x00000000e9480000,0x00000000ea380000)
 ParOldGen       total 47616K, used 20578K [0x0000000089a00000, 0x000000008c880000, 0x00000000d8900000)
  object space 47616K, 43% used [0x0000000089a00000,0x000000008ae18ad8,0x000000008c880000)
 Metaspace       used 34434K, capacity 35318K, committed 35416K, reserved 1079296K
  class space    used 4510K, capacity 4715K, committed 4736K, reserved 1048576K
Event: 12.431 GC heap after
Heap after GC invocations=11 (full 1):
 PSYoungGen      total 274432K, used 8886K [0x00000000d8900000, 0x00000000ea380000, 0x0000000100000000)
  eden space 259072K, 0% used [0x00000000d8900000,0x00000000d8900000,0x00000000e8600000)
  from space 15360K, 57% used [0x00000000e9480000,0x00000000e9d2d948,0x00000000ea380000)
  to   space 14848K, 0% used [0x00000000e8600000,0x00000000e8600000,0x00000000e9480000)
 ParOldGen       total 47616K, used 22606K [0x0000000089a00000, 0x000000008c880000, 0x00000000d8900000)
  object space 47616K, 47% used [0x0000000089a00000,0x000000008b013b38,0x000000008c880000)
 Metaspace       used 34434K, capacity 35318K, committed 35416K, reserved 1079296K
  class space    used 4510K, capacity 4715K, committed 4736K, reserved 1048576K
}
Event: 12.432 GC heap before
{Heap before GC invocations=12 (full 2):
 PSYoungGen      total 274432K, used 8886K [0x00000000d8900000, 0x00000000ea380000, 0x0000000100000000)
  eden space 259072K, 0% used [0x00000000d8900000,0x00000000d8900000,0x00000000e8600000)
  from space 15360K, 57% used [0x00000000e9480000,0x00000000e9d2d948,0x00000000ea380000)
  to   space 14848K, 0% used [0x00000000e8600000,0x00000000e8600000,0x00000000e9480000)
 ParOldGen       total 47616K, used 22606K [0x0000000089a00000, 0x000000008c880000, 0x00000000d8900000)
  object space 47616K, 47% used [0x0000000089a00000,0x000000008b013b38,0x000000008c880000)
 Metaspace       used 34434K, capacity 35318K, committed 35416K, reserved 1079296K
  class space    used 4510K, capacity 4715K, committed 4736K, reserved 1048576K
Event: 12.626 GC heap after
Heap after GC invocations=12 (full 2):
 PSYoungGen      total 274432K, used 0K [0x00000000d8900000, 0x00000000ea380000, 0x0000000100000000)
  eden space 259072K, 0% used [0x00000000d8900000,0x00000000d8900000,0x00000000e8600000)
  from space 15360K, 0% used [0x00000000e9480000,0x00000000e9480000,0x00000000ea380000)
  to   space 14848K, 0% used [0x00000000e8600000,0x00000000e8600000,0x00000000e9480000)
 ParOldGen       total 89088K, used 25227K [0x0000000089a00000, 0x000000008f100000, 0x00000000d8900000)
  object space 89088K, 28% used [0x0000000089a00000,0x000000008b2a2c08,0x000000008f100000)
 Metaspace       used 34434K, capacity 35318K, committed 35416K, reserved 1079296K
  class space    used 4510K, capacity 4715K, committed 4736K, reserved 1048576K
}
Event: 16.091 GC heap before
{Heap before GC invocations=13 (full 2):
 PSYoungGen      total 274432K, used 259072K [0x00000000d8900000, 0x00000000ea380000, 0x0000000100000000)
  eden space 259072K, 100% used [0x00000000d8900000,0x00000000e8600000,0x00000000e8600000)
  from space 15360K, 0% used [0x00000000e9480000,0x00000000e9480000,0x00000000ea380000)
  to   space 14848K, 0% used [0x00000000e8600000,0x00000000e8600000,0x00000000e9480000)
 ParOldGen       total 89088K, used 25227K [0x0000000089a00000, 0x000000008f100000, 0x00000000d8900000)
  object space 89088K, 28% used [0x0000000089a00000,0x000000008b2a2c08,0x000000008f100000)
 Metaspace       used 37846K, capacity 38822K, committed 39128K, reserved 1083392K
  class space    used 4995K, capacity 5249K, committed 5376K, reserved 1048576K
Event: 16.125 GC heap after
Heap after GC invocations=13 (full 2):
 PSYoungGen      total 273920K, used 11769K [0x00000000d8900000, 0x00000000ef280000, 0x0000000100000000)
  eden space 259072K, 0% used [0x00000000d8900000,0x00000000d8900000,0x00000000e8600000)
  from space 14848K, 79% used [0x00000000e8600000,0x00000000e917e4a0,0x00000000e9480000)
  to   space 15872K, 0% used [0x00000000ee300000,0x00000000ee300000,0x00000000ef280000)
 ParOldGen       total 89088K, used 25235K [0x0000000089a00000, 0x000000008f100000, 0x00000000d8900000)
  object space 89088K, 28% used [0x0000000089a00000,0x000000008b2a4c08,0x000000008f100000)
 Metaspace       used 37846K, capacity 38822K, committed 39128K, reserved 1083392K
  class space    used 4995K, capacity 5249K, committed 5376K, reserved 1048576K
}
Event: 20.039 GC heap before
{Heap before GC invocations=14 (full 2):
 PSYoungGen      total 273920K, used 270841K [0x00000000d8900000, 0x00000000ef280000, 0x0000000100000000)
  eden space 259072K, 100% used [0x00000000d8900000,0x00000000e8600000,0x00000000e8600000)
  from space 14848K, 79% used [0x00000000e8600000,0x00000000e917e4a0,0x00000000e9480000)
  to   space 15872K, 0% used [0x00000000ee300000,0x00000000ee300000,0x00000000ef280000)
 ParOldGen       total 89088K, used 25235K [0x0000000089a00000, 0x000000008f100000, 0x00000000d8900000)
  object space 89088K, 28% used [0x0000000089a00000,0x000000008b2a4c08,0x000000008f100000)
 Metaspace       used 40094K, capacity 41326K, committed 41432K, reserved 1085440K
  class space    used 5290K, capacity 5575K, committed 5632K, reserved 1048576K
Event: 20.095 GC heap after
Heap after GC invocations=14 (full 2):
 PSYoungGen      total 348160K, used 8021K [0x00000000d8900000, 0x00000000eee80000, 0x0000000100000000)
  eden space 336384K, 0% used [0x00000000d8900000,0x00000000d8900000,0x00000000ed180000)
  from space 11776K, 68% used [0x00000000ee300000,0x00000000eead57a8,0x00000000eee80000)
  to   space 14848K, 0% used [0x00000000ed180000,0x00000000ed180000,0x00000000ee000000)
 ParOldGen       total 89088K, used 33699K [0x0000000089a00000, 0x000000008f100000, 0x00000000d8900000)
  object space 89088K, 37% used [0x0000000089a00000,0x000000008bae8c08,0x000000008f100000)
 Metaspace       used 40094K, capacity 41326K, committed 41432K, reserved 1085440K
  class space    used 5290K, capacity 5575K, committed 5632K, reserved 1048576K
}
Event: 623.100 GC heap before
{Heap before GC invocations=15 (full 2):
 PSYoungGen      total 348160K, used 344405K [0x00000000d8900000, 0x00000000eee80000, 0x0000000100000000)
  eden space 336384K, 100% used [0x00000000d8900000,0x00000000ed180000,0x00000000ed180000)
  from space 11776K, 68% used [0x00000000ee300000,0x00000000eead57a8,0x00000000eee80000)
  to   space 14848K, 0% used [0x00000000ed180000,0x00000000ed180000,0x00000000ee000000)
 ParOldGen       total 89088K, used 33699K [0x0000000089a00000, 0x000000008f100000, 0x00000000d8900000)
  object space 89088K, 37% used [0x0000000089a00000,0x000000008bae8c08,0x000000008f100000)
 Metaspace       used 42694K, capacity 44088K, committed 44376K, reserved 1087488K
  class space    used 5651K, capacity 5952K, committed 6016K, reserved 1048576K

